<?xml version="1.0" encoding="UTF-8"?>
<!-- Generated by org.testng.reporters.JUnitReportReporter -->
<testsuite hostname="DESKTOP-T79D26N" failures="0" tests="1" name="amrutraibagi.tests.ExtentReportStandAloneTest" time="11.681" errors="0" timestamp="2024-07-21T19:35:53 IST" skipped="0">
  <testcase classname="amrutraibagi.tests.ExtentReportStandAloneTest" name="initializeDemo" time="11.681"/>
</testsuite> <!-- amrutraibagi.tests.ExtentReportStandAloneTest -->
