<?xml version="1.0" encoding="UTF-8"?>
<!-- Generated by org.testng.reporters.JUnitReportReporter -->
<testsuite hostname="DESKTOP-T79D26N" failures="0" tests="2" name="amrutraibagi.tests.SubmitOrderTest" time="50.577" errors="0" timestamp="2024-07-23T20:00:29 IST" skipped="0">
  <testcase classname="amrutraibagi.tests.SubmitOrderTest" name="submitOrder" time="25.759"/>
  <testcase classname="amrutraibagi.tests.SubmitOrderTest" name="submitOrder" time="24.818"/>
</testsuite> <!-- amrutraibagi.tests.SubmitOrderTest -->
